timestamp=2025-07-08T02:31:58.622Z level=INFO fiber=#0 message="Starting queue demo..."
timestamp=2025-07-08T02:31:58.624Z level=INFO fiber=#0 message="Created bounded queue"
timestamp=2025-07-08T02:31:58.625Z level=INFO fiber=#0 message="Started producer fiber"
timestamp=2025-07-08T02:31:58.625Z level=INFO fiber=#0 message="Started worker fiber"
timestamp=2025-07-08T02:31:58.625Z level=INFO fiber=#0 message="Running for 10 seconds..."
timestamp=2025-07-08T02:31:58.626Z level=INFO fiber=#1 message="Producing job-0..."
timestamp=2025-07-08T02:31:58.627Z level=INFO fiber=#2 message="Processing job-0..."
timestamp=2025-07-08T02:31:59.129Z level=INFO fiber=#1 message="Producing job-1..."
timestamp=2025-07-08T02:31:59.628Z level=INFO fiber=#2 message="Completed job-0"
timestamp=2025-07-08T02:31:59.634Z level=INFO fiber=#2 message="Processing job-1..."
timestamp=2025-07-08T02:31:59.635Z level=INFO fiber=#1 message="Producing job-2..."
timestamp=2025-07-08T02:32:00.137Z level=INFO fiber=#1 message="Producing job-3..."
timestamp=2025-07-08T02:32:00.645Z level=INFO fiber=#2 message="Completed job-1"
timestamp=2025-07-08T02:32:00.647Z level=INFO fiber=#2 message="Processing job-2..."
timestamp=2025-07-08T02:32:00.647Z level=INFO fiber=#1 message="Producing job-4..."
timestamp=2025-07-08T02:32:01.149Z level=INFO fiber=#1 message="Producing job-5..."
timestamp=2025-07-08T02:32:01.648Z level=INFO fiber=#2 message="Completed job-2"
timestamp=2025-07-08T02:32:01.648Z level=INFO fiber=#2 message="Processing job-3..."
timestamp=2025-07-08T02:32:01.652Z level=INFO fiber=#1 message="Producing job-6..."
timestamp=2025-07-08T02:32:02.154Z level=INFO fiber=#1 message="Producing job-7..."
timestamp=2025-07-08T02:32:02.650Z level=INFO fiber=#2 message="Completed job-3"
timestamp=2025-07-08T02:32:02.650Z level=INFO fiber=#2 message="Processing job-4..."
timestamp=2025-07-08T02:32:02.655Z level=INFO fiber=#1 message="Producing job-8..."
timestamp=2025-07-08T02:32:03.157Z level=INFO fiber=#1 message="Producing job-9..."
timestamp=2025-07-08T02:32:03.651Z level=INFO fiber=#2 message="Completed job-4"
timestamp=2025-07-08T02:32:03.652Z level=INFO fiber=#2 message="Processing job-5..."
timestamp=2025-07-08T02:32:03.660Z level=INFO fiber=#1 message="Producing job-10..."
timestamp=2025-07-08T02:32:04.162Z level=INFO fiber=#1 message="Producing job-11..."
timestamp=2025-07-08T02:32:04.654Z level=INFO fiber=#2 message="Completed job-5"
timestamp=2025-07-08T02:32:04.654Z level=INFO fiber=#2 message="Processing job-6..."
timestamp=2025-07-08T02:32:04.664Z level=INFO fiber=#1 message="Producing job-12..."
timestamp=2025-07-08T02:32:05.166Z level=INFO fiber=#1 message="Producing job-13..."
timestamp=2025-07-08T02:32:05.656Z level=INFO fiber=#2 message="Completed job-6"
timestamp=2025-07-08T02:32:05.657Z level=INFO fiber=#2 message="Processing job-7..."
timestamp=2025-07-08T02:32:05.668Z level=INFO fiber=#1 message="Producing job-14..."
timestamp=2025-07-08T02:32:06.169Z level=INFO fiber=#1 message="Producing job-15..."
timestamp=2025-07-08T02:32:06.658Z level=INFO fiber=#2 message="Completed job-7"
timestamp=2025-07-08T02:32:06.659Z level=INFO fiber=#2 message="Processing job-8..."
timestamp=2025-07-08T02:32:06.671Z level=INFO fiber=#1 message="Producing job-16..."
timestamp=2025-07-08T02:32:07.173Z level=INFO fiber=#1 message="Producing job-17..."
timestamp=2025-07-08T02:32:07.663Z level=INFO fiber=#2 message="Completed job-8"
timestamp=2025-07-08T02:32:07.665Z level=INFO fiber=#2 message="Processing job-9..."
timestamp=2025-07-08T02:32:07.674Z level=INFO fiber=#1 message="Producing job-18..."
timestamp=2025-07-08T02:32:08.176Z level=INFO fiber=#1 message="Producing job-19..."
timestamp=2025-07-08T02:32:08.627Z level=INFO fiber=#0 message=Done!
