timestamp=2025-07-08T02:32:20.517Z level=INFO fiber=#0 message="=== Starting Error Handling Tests ==="
timestamp=2025-07-08T02:32:20.518Z level=INFO fiber=#0 message="
=== Testing: Expected database error ==="
timestamp=2025-07-08T02:32:20.519Z level=INFO fiber=#1 message="Connecting to database: "
timestamp=2025-07-08T02:32:20.519Z level=ERROR fiber=#1 message="Database error: {\"operation\":\"connect\",\"details\":\"Missing URL\",\"_tag\":\"DatabaseError\"}"
timestamp=2025-07-08T02:32:20.622Z level=INFO fiber=#1 message="Connecting to database: "
timestamp=2025-07-08T02:32:20.622Z level=ERROR fiber=#1 message="Database error: {\"operation\":\"connect\",\"details\":\"Missing URL\",\"_tag\":\"DatabaseError\"}"
timestamp=2025-07-08T02:32:20.824Z level=INFO fiber=#1 message="Connecting to database: "
timestamp=2025-07-08T02:32:20.824Z level=ERROR fiber=#1 message="Database error: {\"operation\":\"connect\",\"details\":\"Missing URL\",\"_tag\":\"DatabaseError\"}"
timestamp=2025-07-08T02:32:21.227Z level=INFO fiber=#1 message="Connecting to database: "
timestamp=2025-07-08T02:32:21.227Z level=ERROR fiber=#1 message="Database error: {\"operation\":\"connect\",\"details\":\"Missing URL\",\"_tag\":\"DatabaseError\"}"
timestamp=2025-07-08T02:32:22.030Z level=INFO fiber=#1 message="Connecting to database: "
timestamp=2025-07-08T02:32:22.031Z level=ERROR fiber=#1 message="Database error: {\"operation\":\"connect\",\"details\":\"Missing URL\",\"_tag\":\"DatabaseError\"}"
timestamp=2025-07-08T02:32:23.633Z level=INFO fiber=#1 message="Connecting to database: "
timestamp=2025-07-08T02:32:23.633Z level=ERROR fiber=#1 message="Database error: {\"operation\":\"connect\",\"details\":\"Missing URL\",\"_tag\":\"DatabaseError\"}"
timestamp=2025-07-08T02:32:25.528Z level=INFO fiber=#0 message="
=== Error details ==="
timestamp=2025-07-08T02:32:25.529Z level=WARN fiber=#0 message="Expected failure"
timestamp=2025-07-08T02:32:25.529Z level=WARN fiber=#0 message="Error: {\"_id\":\"Option\",\"_tag\":\"Some\",\"value\":\"Connection timeout\"}"
timestamp=2025-07-08T02:32:25.529Z level=INFO fiber=#0 message="
=== Testing: Unexpected connection error ==="
timestamp=2025-07-08T02:32:25.530Z level=INFO fiber=#0 message="Connecting to database: invalid"
timestamp=2025-07-08T02:32:25.530Z level=ERROR fiber=#0 message="Invalid connection string"
timestamp=2025-07-08T02:32:25.532Z level=ERROR fiber=#0 message="Failed after 3 retries"
timestamp=2025-07-08T02:32:25.534Z level=ERROR fiber=#0 message="Error: Failed to parse connection string
    at <anonymous> (/Users/paul/Projects/Effect-Patterns/content/src/handle-unexpected-errors-with-cause.ts:51:25)"
timestamp=2025-07-08T02:32:25.534Z level=INFO fiber=#0 message="
=== Error details ==="
timestamp=2025-07-08T02:32:25.534Z level=WARN fiber=#0 message="Expected failure"
timestamp=2025-07-08T02:32:25.534Z level=WARN fiber=#0 message="Error: {\"_id\":\"Option\",\"_tag\":\"Some\",\"value\":\"Max retries exceeded\"}"
timestamp=2025-07-08T02:32:25.534Z level=INFO fiber=#0 message="
=== Testing: Valid user data ==="
timestamp=2025-07-08T02:32:25.536Z level=INFO fiber=#0 message="Parsing user data: {\"id\":\"1\",\"name\":\"John\"}"
timestamp=2025-07-08T02:32:25.536Z level=INFO fiber=#0 message="Successfully parsed user: {\"id\":\"1\",\"name\":\"John\"}"
timestamp=2025-07-08T02:32:25.536Z level=INFO fiber=#0 message="Success: {\"id\":\"1\",\"name\":\"John\"}"
timestamp=2025-07-08T02:32:25.536Z level=INFO fiber=#0 message="
=== Testing: Concurrent operations ==="
timestamp=2025-07-08T02:32:25.540Z level=INFO fiber=#6 message="Connecting to database: "
timestamp=2025-07-08T02:32:25.540Z level=ERROR fiber=#6 message="Database error: {\"operation\":\"connect\",\"details\":\"Missing URL\",\"_tag\":\"DatabaseError\"}"
timestamp=2025-07-08T02:32:25.541Z level=INFO fiber=#8 message="Parsing user data: {\"id\":\"invalid\"}"
timestamp=2025-07-08T02:32:25.541Z level=WARN fiber=#8 message="Validation error: {\"field\":\"input\",\"message\":\"Missing required fields\",\"_tag\":\"ValidationError\"}"
timestamp=2025-07-08T02:32:25.544Z level=INFO fiber=#0 message="Success: [{\"success\":true},{\"id\":\"timeout\",\"name\":\"Timeout\"}]"
timestamp=2025-07-08T02:32:25.544Z level=INFO fiber=#0 message="
=== Error Handling Tests Complete ==="
