timestamp=2025-07-08T02:32:16.168Z level=INFO fiber=#0 message="=== Starting API calls with retry and timeout ==="
timestamp=2025-07-08T02:32:16.168Z level=INFO fiber=#0 message="
--- Test Call 1 ---"
timestamp=2025-07-08T02:32:16.169Z level=INFO fiber=#1 message="Attempt 2: Making API call..."
timestamp=2025-07-08T02:32:16.169Z level=WARN fiber=#1 message="Attempt 2: API call failed"
timestamp=2025-07-08T02:32:16.171Z level=WARN fiber=#0 message="Retrying after error: ApiError (Attempt 2)"
timestamp=2025-07-08T02:32:16.273Z level=INFO fiber=#3 message="Attempt 4: Making API call..."
timestamp=2025-07-08T02:32:16.273Z level=WARN fiber=#3 message="Attempt 4: API call failed"
timestamp=2025-07-08T02:32:16.274Z level=WARN fiber=#0 message="Retrying after error: ApiError (Attempt 4)"
timestamp=2025-07-08T02:32:16.477Z level=INFO fiber=#5 message="Attempt 4: Making API call..."
timestamp=2025-07-08T02:32:16.478Z level=INFO fiber=#5 message="Attempt 4: API call will take 341ms"
timestamp=2025-07-08T02:32:16.820Z level=INFO fiber=#5 message="Attempt 4: API call succeeded with data: {\"data\":\"some important data\"}"
timestamp=2025-07-08T02:32:16.822Z level=INFO fiber=#0 message="Result: {\"data\":\"some important data\"}"
timestamp=2025-07-08T02:32:16.822Z level=INFO fiber=#0 message="
--- Test Call 2 ---"
timestamp=2025-07-08T02:32:16.823Z level=INFO fiber=#7 message="Attempt 3: Making API call..."
timestamp=2025-07-08T02:32:16.823Z level=WARN fiber=#7 message="Attempt 3: API call failed"
timestamp=2025-07-08T02:32:16.824Z level=WARN fiber=#0 message="Retrying after error: ApiError (Attempt 3)"
timestamp=2025-07-08T02:32:16.926Z level=INFO fiber=#9 message="Attempt 1: Making API call..."
timestamp=2025-07-08T02:32:16.926Z level=WARN fiber=#9 message="Attempt 1: API call failed"
timestamp=2025-07-08T02:32:16.927Z level=WARN fiber=#0 message="Retrying after error: ApiError (Attempt 1)"
timestamp=2025-07-08T02:32:17.130Z level=INFO fiber=#11 message="Attempt 4: Making API call..."
timestamp=2025-07-08T02:32:17.130Z level=WARN fiber=#11 message="Attempt 4: API call failed"
timestamp=2025-07-08T02:32:17.131Z level=WARN fiber=#0 message="Retrying after error: ApiError (Attempt 4)"
timestamp=2025-07-08T02:32:17.533Z level=INFO fiber=#13 message="Attempt 5: Making API call..."
timestamp=2025-07-08T02:32:17.533Z level=WARN fiber=#13 message="Attempt 5: API call failed"
timestamp=2025-07-08T02:32:17.533Z level=WARN fiber=#0 message="Retrying after error: ApiError (Attempt 5)"
timestamp=2025-07-08T02:32:17.534Z level=ERROR fiber=#0 message="All retries failed: API Error (Last attempt: 5)"
timestamp=2025-07-08T02:32:17.534Z level=INFO fiber=#0 message="Result: {\"data\":\"fallback data due to API error\"}"
timestamp=2025-07-08T02:32:17.534Z level=INFO fiber=#0 message="
--- Test Call 3 ---"
timestamp=2025-07-08T02:32:17.535Z level=INFO fiber=#15 message="Attempt 1: Making API call..."
timestamp=2025-07-08T02:32:17.535Z level=WARN fiber=#15 message="Attempt 1: API call failed"
timestamp=2025-07-08T02:32:17.535Z level=WARN fiber=#0 message="Retrying after error: ApiError (Attempt 1)"
timestamp=2025-07-08T02:32:17.637Z level=INFO fiber=#17 message="Attempt 3: Making API call..."
timestamp=2025-07-08T02:32:17.637Z level=WARN fiber=#17 message="Attempt 3: API call failed"
timestamp=2025-07-08T02:32:17.638Z level=WARN fiber=#0 message="Retrying after error: ApiError (Attempt 3)"
timestamp=2025-07-08T02:32:17.840Z level=INFO fiber=#19 message="Attempt 2: Making API call..."
timestamp=2025-07-08T02:32:17.841Z level=WARN fiber=#19 message="Attempt 2: API call failed"
timestamp=2025-07-08T02:32:17.841Z level=WARN fiber=#0 message="Retrying after error: ApiError (Attempt 2)"
timestamp=2025-07-08T02:32:18.244Z level=INFO fiber=#21 message="Attempt 3: Making API call..."
timestamp=2025-07-08T02:32:18.245Z level=INFO fiber=#21 message="Attempt 3: API call will take 2371ms"
timestamp=2025-07-08T02:32:20.248Z level=WARN fiber=#0 message="Retrying after error: TimeoutError (Attempt 3)"
timestamp=2025-07-08T02:32:20.249Z level=ERROR fiber=#0 message="All retries timed out after 2 seconds (Last attempt: 3)"
timestamp=2025-07-08T02:32:20.249Z level=INFO fiber=#0 message="Result: {\"data\":\"fallback data due to timeout\"}"
timestamp=2025-07-08T02:32:20.249Z level=INFO fiber=#0 message="
=== API calls complete ==="
