timestamp=2025-07-08T02:32:47.133Z level=INFO fiber=#0 message="Starting parallel processing..."
timestamp=2025-07-08T02:32:47.137Z level=INFO fiber=#2 message="Fetching user 1..."
timestamp=2025-07-08T02:32:47.137Z level=INFO fiber=#3 message="Fetching user 2..."
timestamp=2025-07-08T02:32:47.137Z level=INFO fiber=#4 message="Fetching user 3..."
timestamp=2025-07-08T02:32:47.137Z level=INFO fiber=#5 message="Fetching user 4..."
timestamp=2025-07-08T02:32:47.138Z level=INFO fiber=#6 message="Fetching user 5..."
timestamp=2025-07-08T02:32:48.139Z level=INFO fiber=#2 message="Fetching user 6..."
timestamp=2025-07-08T02:32:48.139Z level=INFO fiber=#3 message="Fetching user 7..."
timestamp=2025-07-08T02:32:48.140Z level=INFO fiber=#4 message="Fetching user 8..."
timestamp=2025-07-08T02:32:48.140Z level=INFO fiber=#5 message="Fetching user 9..."
timestamp=2025-07-08T02:32:48.140Z level=INFO fiber=#6 message="Fetching user 10..."
timestamp=2025-07-08T02:32:49.147Z level=INFO fiber=#0 message="Processed 10 users in 2014ms"
timestamp=2025-07-08T02:32:49.148Z level=INFO fiber=#0 message="First few users: [
  {
    \"id\": 1,
    \"name\": \"User 1\",
    \"email\": \"user1@example.com\"
  },
  {
    \"id\": 2,
    \"name\": \"User 2\",
    \"email\": \"user2@example.com\"
  },
  {
    \"id\": 3,
    \"name\": \"User 3\",
    \"email\": \"user3@example.com\"
  }
]"
