timestamp=2025-07-08T02:33:18.085Z level=INFO fiber=#0 message="=== Writing Sequential Code with Effect.gen Demo ==="
timestamp=2025-07-08T02:33:18.086Z level=INFO fiber=#0 message="
1. Sequential operations with Effect.gen:"
timestamp=2025-07-08T02:33:18.087Z level=INFO fiber=#0 message="Fetching user 123..."
timestamp=2025-07-08T02:33:18.189Z level=INFO fiber=#0 message="✅ Got user: User 123"
timestamp=2025-07-08T02:33:18.190Z level=INFO fiber=#0 message="Fetching posts for user 123..."
timestamp=2025-07-08T02:33:18.357Z level=INFO fiber=#0 message="✅ Got 2 posts"
timestamp=2025-07-08T02:33:18.385Z level=INFO fiber=#0 message="Fetching comments for post 1..."
timestamp=2025-07-08T02:33:18.461Z level=INFO fiber=#0 message="✅ Got 2 comments for \"First Post\""
timestamp=2025-07-08T02:33:18.461Z level=INFO fiber=#0 message="✅ Successfully combined all user data"
timestamp=2025-07-08T02:33:18.461Z level=INFO fiber=#0 message="Final result: User \"User 123\" has 2 posts"
timestamp=2025-07-08T02:33:18.461Z level=INFO fiber=#0 message="Featured post: \"First Post\" with 2 comments"
timestamp=2025-07-08T02:33:18.461Z level=INFO fiber=#0 message="
2. Same logic without Effect.gen (for comparison):"
timestamp=2025-07-08T02:33:18.462Z level=INFO fiber=#0 message="Fetching user 456..."
timestamp=2025-07-08T02:33:18.589Z level=INFO fiber=#0 message="Fetching posts for user 456..."
timestamp=2025-07-08T02:33:18.740Z level=INFO fiber=#0 message="Fetching comments for post 1..."
timestamp=2025-07-08T02:33:18.818Z level=INFO fiber=#0 message="Result from traditional approach: User \"User 456\""
timestamp=2025-07-08T02:33:18.819Z level=INFO fiber=#0 message="
3. Error handling in sequential operations:"
timestamp=2025-07-08T02:33:18.820Z level=INFO fiber=#0 message="Fetching user 999..."
timestamp=2025-07-08T02:33:18.921Z level=INFO fiber=#0 message="Fetching posts for user 999..."
timestamp=2025-07-08T02:33:19.072Z level=INFO fiber=#0 message="Error handling result: Success"
timestamp=2025-07-08T02:33:19.072Z level=INFO fiber=#0 message="
✅ Sequential code demonstration completed!"
timestamp=2025-07-08T02:33:19.073Z level=INFO fiber=#0 message="Effect.gen makes sequential async code look like synchronous code!"
