timestamp=2025-07-07T18:21:01.022Z level=INFO fiber=#0 message="Starting queue demo..."
timestamp=2025-07-07T18:21:01.023Z level=INFO fiber=#0 message="Created bounded queue"
timestamp=2025-07-07T18:21:01.024Z level=INFO fiber=#0 message="Started producer fiber"
timestamp=2025-07-07T18:21:01.024Z level=INFO fiber=#0 message="Started worker fiber"
timestamp=2025-07-07T18:21:01.024Z level=INFO fiber=#0 message="Running for 10 seconds..."
timestamp=2025-07-07T18:21:01.025Z level=INFO fiber=#1 message="Producing job-0..."
timestamp=2025-07-07T18:21:01.026Z level=INFO fiber=#2 message="Processing job-0..."
timestamp=2025-07-07T18:21:01.528Z level=INFO fiber=#1 message="Producing job-1..."
timestamp=2025-07-07T18:21:02.027Z level=INFO fiber=#2 message="Completed job-0"
timestamp=2025-07-07T18:21:02.028Z level=INFO fiber=#2 message="Processing job-1..."
timestamp=2025-07-07T18:21:02.028Z level=INFO fiber=#1 message="Producing job-2..."
timestamp=2025-07-07T18:21:02.530Z level=INFO fiber=#1 message="Producing job-3..."
timestamp=2025-07-07T18:21:03.030Z level=INFO fiber=#2 message="Completed job-1"
timestamp=2025-07-07T18:21:03.030Z level=INFO fiber=#2 message="Processing job-2..."
timestamp=2025-07-07T18:21:03.031Z level=INFO fiber=#1 message="Producing job-4..."
timestamp=2025-07-07T18:21:03.533Z level=INFO fiber=#1 message="Producing job-5..."
timestamp=2025-07-07T18:21:04.032Z level=INFO fiber=#2 message="Completed job-2"
timestamp=2025-07-07T18:21:04.032Z level=INFO fiber=#2 message="Processing job-3..."
timestamp=2025-07-07T18:21:04.033Z level=INFO fiber=#1 message="Producing job-6..."
timestamp=2025-07-07T18:21:04.535Z level=INFO fiber=#1 message="Producing job-7..."
timestamp=2025-07-07T18:21:05.034Z level=INFO fiber=#2 message="Completed job-3"
timestamp=2025-07-07T18:21:05.034Z level=INFO fiber=#2 message="Processing job-4..."
timestamp=2025-07-07T18:21:05.037Z level=INFO fiber=#1 message="Producing job-8..."
timestamp=2025-07-07T18:21:05.539Z level=INFO fiber=#1 message="Producing job-9..."
timestamp=2025-07-07T18:21:06.036Z level=INFO fiber=#2 message="Completed job-4"
timestamp=2025-07-07T18:21:06.036Z level=INFO fiber=#2 message="Processing job-5..."
timestamp=2025-07-07T18:21:06.040Z level=INFO fiber=#1 message="Producing job-10..."
timestamp=2025-07-07T18:21:06.541Z level=INFO fiber=#1 message="Producing job-11..."
timestamp=2025-07-07T18:21:07.037Z level=INFO fiber=#2 message="Completed job-5"
timestamp=2025-07-07T18:21:07.037Z level=INFO fiber=#2 message="Processing job-6..."
timestamp=2025-07-07T18:21:07.042Z level=INFO fiber=#1 message="Producing job-12..."
timestamp=2025-07-07T18:21:07.543Z level=INFO fiber=#1 message="Producing job-13..."
timestamp=2025-07-07T18:21:08.039Z level=INFO fiber=#2 message="Completed job-6"
timestamp=2025-07-07T18:21:08.039Z level=INFO fiber=#2 message="Processing job-7..."
timestamp=2025-07-07T18:21:08.044Z level=INFO fiber=#1 message="Producing job-14..."
timestamp=2025-07-07T18:21:08.546Z level=INFO fiber=#1 message="Producing job-15..."
timestamp=2025-07-07T18:21:09.076Z level=INFO fiber=#2 message="Completed job-7"
timestamp=2025-07-07T18:21:09.076Z level=INFO fiber=#2 message="Processing job-8..."
timestamp=2025-07-07T18:21:09.077Z level=INFO fiber=#1 message="Producing job-16..."
timestamp=2025-07-07T18:21:09.578Z level=INFO fiber=#1 message="Producing job-17..."
timestamp=2025-07-07T18:21:10.078Z level=INFO fiber=#2 message="Completed job-8"
timestamp=2025-07-07T18:21:10.078Z level=INFO fiber=#2 message="Processing job-9..."
timestamp=2025-07-07T18:21:10.078Z level=INFO fiber=#1 message="Producing job-18..."
timestamp=2025-07-07T18:21:10.579Z level=INFO fiber=#1 message="Producing job-19..."
timestamp=2025-07-07T18:21:11.026Z level=INFO fiber=#0 message=Done!
