timestamp=2025-07-08T02:32:20.394Z level=INFO fiber=#0 message="=== Starting Route Tests ==="
timestamp=2025-07-08T02:32:20.395Z level=INFO fiber=#0 message="
--- Testing / ---"
timestamp=2025-07-08T02:32:20.395Z level=INFO fiber=#0 message="GET /"
timestamp=2025-07-08T02:32:20.395Z level=INFO fiber=#0 message="Processing request for path: /"
timestamp=2025-07-08T02:32:20.395Z level=INFO fiber=#0 message="Serving home page"
timestamp=2025-07-08T02:32:20.395Z level=INFO fiber=#0 message="Response: {\"status\":200,\"body\":\"Welcome to the home page!\"}"
timestamp=2025-07-08T02:32:20.395Z level=INFO fiber=#0 message="Final Response: {\"status\":200,\"body\":\"Welcome to the home page!\"}"
timestamp=2025-07-08T02:32:20.396Z level=INFO fiber=#0 message="
--- Testing /hello ---"
timestamp=2025-07-08T02:32:20.396Z level=INFO fiber=#0 message="GET /hello"
timestamp=2025-07-08T02:32:20.396Z level=INFO fiber=#0 message="Processing request for path: /hello"
timestamp=2025-07-08T02:32:20.396Z level=INFO fiber=#0 message="Serving hello page"
timestamp=2025-07-08T02:32:20.396Z level=INFO fiber=#0 message="Response: {\"status\":200,\"body\":\"Hello, Effect!\"}"
timestamp=2025-07-08T02:32:20.396Z level=INFO fiber=#0 message="Final Response: {\"status\":200,\"body\":\"Hello, Effect!\"}"
timestamp=2025-07-08T02:32:20.396Z level=INFO fiber=#0 message="
--- Testing /other ---"
timestamp=2025-07-08T02:32:20.396Z level=INFO fiber=#0 message="GET /other"
timestamp=2025-07-08T02:32:20.396Z level=INFO fiber=#0 message="Processing request for path: /other"
timestamp=2025-07-08T02:32:20.396Z level=WARN fiber=#0 message="Route not found: /other"
timestamp=2025-07-08T02:32:20.396Z level=WARN fiber=#0 message="404 Not Found: /other"
timestamp=2025-07-08T02:32:20.396Z level=INFO fiber=#0 message="Final Response: {\"status\":404,\"body\":\"Not Found: /other\"}"
timestamp=2025-07-08T02:32:20.396Z level=INFO fiber=#0 message="
--- Testing /error ---"
timestamp=2025-07-08T02:32:20.396Z level=INFO fiber=#0 message="GET /error"
timestamp=2025-07-08T02:32:20.396Z level=INFO fiber=#0 message="Processing request for path: /error"
timestamp=2025-07-08T02:32:20.397Z level=WARN fiber=#0 message="Route not found: /error"
timestamp=2025-07-08T02:32:20.397Z level=WARN fiber=#0 message="404 Not Found: /error"
timestamp=2025-07-08T02:32:20.397Z level=INFO fiber=#0 message="Final Response: {\"status\":404,\"body\":\"Not Found: /error\"}"
timestamp=2025-07-08T02:32:20.397Z level=INFO fiber=#0 message="
=== Route Tests Complete ==="
