timestamp=2025-07-07T18:21:18.568Z level=INFO fiber=#0 message="=== Starting API calls with retry and timeout ==="
timestamp=2025-07-07T18:21:18.569Z level=INFO fiber=#0 message="
--- Test Call 1 ---"
timestamp=2025-07-07T18:21:18.570Z level=INFO fiber=#1 message="Attempt 5: Making API call..."
timestamp=2025-07-07T18:21:18.571Z level=WARN fiber=#1 message="Attempt 5: API call failed"
timestamp=2025-07-07T18:21:18.572Z level=WARN fiber=#0 message="Retrying after error: ApiError (Attempt 5)"
timestamp=2025-07-07T18:21:18.675Z level=INFO fiber=#3 message="Attempt 1: Making API call..."
timestamp=2025-07-07T18:21:18.675Z level=WARN fiber=#3 message="Attempt 1: API call failed"
timestamp=2025-07-07T18:21:18.675Z level=WARN fiber=#0 message="Retrying after error: ApiError (Attempt 1)"
timestamp=2025-07-07T18:21:18.877Z level=INFO fiber=#5 message="Attempt 1: Making API call..."
timestamp=2025-07-07T18:21:18.877Z level=WARN fiber=#5 message="Attempt 1: API call failed"
timestamp=2025-07-07T18:21:18.879Z level=WARN fiber=#0 message="Retrying after error: ApiError (Attempt 1)"
timestamp=2025-07-07T18:21:19.281Z level=INFO fiber=#7 message="Attempt 1: Making API call..."
timestamp=2025-07-07T18:21:19.281Z level=WARN fiber=#7 message="Attempt 1: API call failed"
timestamp=2025-07-07T18:21:19.281Z level=WARN fiber=#0 message="Retrying after error: ApiError (Attempt 1)"
timestamp=2025-07-07T18:21:19.282Z level=ERROR fiber=#0 message="All retries failed: API Error (Last attempt: 1)"
timestamp=2025-07-07T18:21:19.282Z level=INFO fiber=#0 message="Result: {\"data\":\"fallback data due to API error\"}"
timestamp=2025-07-07T18:21:19.282Z level=INFO fiber=#0 message="
--- Test Call 2 ---"
timestamp=2025-07-07T18:21:19.283Z level=INFO fiber=#9 message="Attempt 1: Making API call..."
timestamp=2025-07-07T18:21:19.283Z level=WARN fiber=#9 message="Attempt 1: API call failed"
timestamp=2025-07-07T18:21:19.283Z level=WARN fiber=#0 message="Retrying after error: ApiError (Attempt 1)"
timestamp=2025-07-07T18:21:19.386Z level=INFO fiber=#11 message="Attempt 5: Making API call..."
timestamp=2025-07-07T18:21:19.387Z level=INFO fiber=#11 message="Attempt 5: API call will take 1840ms"
timestamp=2025-07-07T18:21:21.228Z level=INFO fiber=#11 message="Attempt 5: API call succeeded with data: {\"data\":\"some important data\"}"
timestamp=2025-07-07T18:21:21.230Z level=INFO fiber=#0 message="Result: {\"data\":\"some important data\"}"
timestamp=2025-07-07T18:21:21.230Z level=INFO fiber=#0 message="
--- Test Call 3 ---"
timestamp=2025-07-07T18:21:21.231Z level=INFO fiber=#13 message="Attempt 1: Making API call..."
timestamp=2025-07-07T18:21:21.231Z level=INFO fiber=#13 message="Attempt 1: API call will take 1454ms"
timestamp=2025-07-07T18:21:22.685Z level=INFO fiber=#13 message="Attempt 1: API call succeeded with data: {\"data\":\"some important data\"}"
timestamp=2025-07-07T18:21:22.686Z level=INFO fiber=#0 message="Result: {\"data\":\"some important data\"}"
timestamp=2025-07-07T18:21:22.686Z level=INFO fiber=#0 message="
=== API calls complete ==="
