timestamp=2025-07-07T18:21:48.437Z level=INFO fiber=#5 message="Fetched user 1"
timestamp=2025-07-07T18:21:48.443Z level=INFO fiber=#8 message="Fetched user 2"
timestamp=2025-07-07T18:21:48.544Z level=INFO fiber=#11 message="Fetched user 3"
timestamp=2025-07-07T18:21:48.546Z level=INFO fiber=#14 message="Fetched user 4"
timestamp=2025-07-07T18:21:48.646Z level=INFO fiber=#17 message="Fetched user 5"
All users fetched: [
  {
    id: 1,
    name: "User 1",
  }, {
    id: 2,
    name: "User 2",
  }, {
    id: 3,
    name: "User 3",
  }, {
    id: 4,
    name: "User 4",
  }, {
    id: 5,
    name: "User 5",
  }
]
