timestamp=2025-07-08T02:33:09.867Z level=INFO fiber=#0 message="=== Trace Operations with Spans Demo ==="
timestamp=2025-07-08T02:33:09.869Z level=INFO fiber=#0 message="=== Creating User with Tracing ==="
timestamp=2025-07-08T02:33:09.869Z level=INFO fiber=#0 message="This demonstrates how spans trace operations through the call stack"
timestamp=2025-07-08T02:33:09.869Z level=INFO fiber=#0 message="Starting input validation..."
timestamp=2025-07-08T02:33:09.881Z level=INFO fiber=#0 message="✅ Input validated: paul@example.com"
timestamp=2025-07-08T02:33:09.882Z level=INFO fiber=#0 message="Saving user to database: paul@example.com"
timestamp=2025-07-08T02:33:09.933Z level=INFO fiber=#0 message="✅ User saved with ID: 123"
timestamp=2025-07-08T02:33:09.933Z level=INFO fiber=#0 message="✅ User creation completed: {\"id\":123,\"email\":\"paul@example.com\"}"
timestamp=2025-07-08T02:33:09.933Z level=INFO fiber=#0 message="Note: In production, spans would be sent to a tracing system like Jaeger or Zipkin"
timestamp=2025-07-08T02:33:09.933Z level=INFO fiber=#0 message="
--- Creating second user ---"
timestamp=2025-07-08T02:33:09.933Z level=INFO fiber=#0 message="=== Creating User with Tracing ==="
timestamp=2025-07-08T02:33:09.934Z level=INFO fiber=#0 message="This demonstrates how spans trace operations through the call stack"
timestamp=2025-07-08T02:33:09.934Z level=INFO fiber=#0 message="Starting input validation..."
timestamp=2025-07-08T02:33:09.944Z level=INFO fiber=#0 message="✅ Input validated: paul@example.com"
timestamp=2025-07-08T02:33:09.945Z level=INFO fiber=#0 message="Saving user to database: paul@example.com"
timestamp=2025-07-08T02:33:09.996Z level=INFO fiber=#0 message="✅ User saved with ID: 123"
timestamp=2025-07-08T02:33:09.996Z level=INFO fiber=#0 message="✅ User creation completed: {\"id\":123,\"email\":\"paul@example.com\"}"
timestamp=2025-07-08T02:33:09.997Z level=INFO fiber=#0 message="Note: In production, spans would be sent to a tracing system like Jaeger or Zipkin"
timestamp=2025-07-08T02:33:09.997Z level=INFO fiber=#0 message="
=== Summary ==="
timestamp=2025-07-08T02:33:09.997Z level=INFO fiber=#0 message="Created users with tracing spans:"
timestamp=2025-07-08T02:33:09.997Z level=INFO fiber=#0 message="User 1: ID 123, Email: paul@example.com"
timestamp=2025-07-08T02:33:09.997Z level=INFO fiber=#0 message="User 2: ID 123, Email: paul@example.com"
