timestamp=2025-07-07T18:22:17.251Z level=INFO fiber=#0 message="=== Wrapping Asynchronous Computations Demo ==="
timestamp=2025-07-07T18:22:17.251Z level=INFO fiber=#0 message="
1. Successful request:"
timestamp=2025-07-07T18:22:17.252Z level=INFO fiber=#0 message="Fetching URL: https://api.example.com/success"
timestamp=2025-07-07T18:22:17.252Z level=INFO fiber=#0 message="✅ Request successful"
timestamp=2025-07-07T18:22:17.252Z level=INFO fiber=#0 message="Response status: 200"
timestamp=2025-07-07T18:22:17.252Z level=INFO fiber=#0 message="
2. Failed request with error handling:"
timestamp=2025-07-07T18:22:17.252Z level=INFO fiber=#0 message="Fetching URL: https://api.example.com/error"
timestamp=2025-07-07T18:22:17.252Z level=INFO fiber=#0 message="❌ Request failed"
timestamp=2025-07-07T18:22:17.252Z level=ERROR fiber=#0 message="Request failed: Server returned 500"
timestamp=2025-07-07T18:22:17.252Z level=INFO fiber=#0 message="Fallback response status: 200"
timestamp=2025-07-07T18:22:17.252Z level=INFO fiber=#0 message="
3. Multiple async operations:"
timestamp=2025-07-07T18:22:17.253Z level=INFO fiber=#2 message="Fetching URL: https://api.example.com/endpoint1"
timestamp=2025-07-07T18:22:17.254Z level=INFO fiber=#2 message="✅ Request completed"
timestamp=2025-07-07T18:22:17.254Z level=INFO fiber=#3 message="Fetching URL: https://api.example.com/endpoint2"
timestamp=2025-07-07T18:22:17.254Z level=INFO fiber=#3 message="✅ Request completed"
timestamp=2025-07-07T18:22:17.254Z level=INFO fiber=#2 message="Fetching URL: https://api.example.com/endpoint3"
timestamp=2025-07-07T18:22:17.254Z level=INFO fiber=#2 message="✅ Request completed"
timestamp=2025-07-07T18:22:17.255Z level=INFO fiber=#0 message="Completed 3 requests"
timestamp=2025-07-07T18:22:17.255Z level=INFO fiber=#0 message="
✅ Asynchronous computations demonstration completed!"
